<?xml version="1.0" encoding="UTF-8"?>
<testng-results skipped="0" failed="0" ignored="0" total="2" passed="2">
  <reporter-output>
  </reporter-output>
  <suite name="Default suite" duration-ms="67889" started-at="2018-05-30T06:03:46Z" finished-at="2018-05-30T06:04:53Z">
    <groups>
    </groups>
    <test name="Default test" duration-ms="67889" started-at="2018-05-30T06:03:46Z" finished-at="2018-05-30T06:04:53Z">
      <class name="com.qa.en.testCases.TC_TE_Search_en">
        <test-method status="PASS" signature="setUp()[pri:0, instance:com.qa.en.testCases.TC_TE_Search_en@617faa95]" name="setUp" is-config="true" duration-ms="2919" started-at="2018-05-30T06:03:46Z" finished-at="2018-05-30T06:03:48Z">
          <reporter-output>
          </reporter-output>
        </test-method> <!-- setUp -->
        <test-method status="PASS" signature="Search_2mm()[pri:0, instance:com.qa.en.testCases.TC_TE_Search_en@617faa95]" name="Search_2mm" duration-ms="63964" started-at="2018-05-30T06:03:48Z" finished-at="2018-05-30T06:04:52Z">
          <reporter-output>
          </reporter-output>
        </test-method> <!-- Search_2mm -->
        <test-method status="PASS" signature="TearDown()[pri:0, instance:com.qa.en.testCases.TC_TE_Search_en@617faa95]" name="TearDown" duration-ms="981" started-at="2018-05-30T06:04:52Z" finished-at="2018-05-30T06:04:53Z">
          <reporter-output>
          </reporter-output>
        </test-method> <!-- TearDown -->
      </class> <!-- com.qa.en.testCases.TC_TE_Search_en -->
    </test> <!-- Default test -->
  </suite> <!-- Default suite -->
</testng-results>
